<?xml version="1.0" encoding="UTF-8"?>
<!-- Generated by org.testng.reporters.JUnitReportReporter -->
<testsuite hostname="SenPri" failures="0" tests="2" name="org.sample.TestRunner.TestRunner" time="24.111" errors="0" timestamp="2023-05-25T21:45:10 EDT" skipped="0">
  <testcase classname="org.sample.TestRunner.TestRunner" name="runScenario" time="12.310"/>
  <system-out/>
  <testcase classname="org.sample.TestRunner.TestRunner" name="runScenario" time="11.801"/>
  <system-out/>
</testsuite> <!-- org.sample.TestRunner.TestRunner -->
